c:\users\douglas\documents\visual studio 2015\projects\debug\game.obj
c:\users\douglas\documents\visual studio 2015\projects\debug\timer.obj
c:\users\douglas\documents\visual studio 2015\projects\debug\dl_writer_ascii.obj
c:\users\douglas\documents\visual studio 2015\projects\debug\mouse.obj
c:\users\douglas\documents\visual studio 2015\projects\debug\sound.obj
c:\users\douglas\documents\visual studio 2015\projects\debug\windows.obj
c:\users\douglas\documents\visual studio 2015\projects\debug\dl_dxf.obj
c:\users\douglas\documents\visual studio 2015\projects\debug\d3dgraphics.obj
c:\users\douglas\documents\visual studio 2015\projects\debug\keyboard.obj
c:\users\douglas\documents\visual studio 2015\projects\debug\polyclosed.obj
c:\users\douglas\documents\visual studio 2015\projects\debug\vc140.pdb
c:\users\douglas\documents\visual studio 2015\projects\debug\projeto1.ilk
c:\users\douglas\documents\visual studio 2015\projects\debug\projeto1.exe
c:\users\douglas\documents\visual studio 2015\projects\debug\projeto1.pdb
c:\users\douglas\documents\visual studio 2015\projects\debug\vc140.idb
c:\users\douglas\documents\visual studio 2015\projects\debug\projeto1.tlog\cl.command.1.tlog
c:\users\douglas\documents\visual studio 2015\projects\debug\projeto1.tlog\cl.read.1.tlog
c:\users\douglas\documents\visual studio 2015\projects\debug\projeto1.tlog\cl.write.1.tlog
c:\users\douglas\documents\visual studio 2015\projects\debug\projeto1.tlog\link.command.1.tlog
c:\users\douglas\documents\visual studio 2015\projects\debug\projeto1.tlog\link.read.1.tlog
c:\users\douglas\documents\visual studio 2015\projects\debug\projeto1.tlog\link.write.1.tlog
